2024-05-28T16:19:15.335Z - Error: ER_TRUNCATED_WRONG_VALUE_FOR_FIELD: Incorrect integer value: '' for column `cipex_portal`.`cp_usuarios`.`cp_rg` at row 1
    at Sequence._packetToError (/home/cipex/back.cipex.com.br/node_modules/mysql/lib/protocol/sequences/Sequence.js:47:14)
    at Query.ErrorPacket (/home/cipex/back.cipex.com.br/node_modules/mysql/lib/protocol/sequences/Query.js:79:18)
    at Protocol._parsePacket (/home/cipex/back.cipex.com.br/node_modules/mysql/lib/protocol/Protocol.js:291:23)
    at Parser._parsePacket (/home/cipex/back.cipex.com.br/node_modules/mysql/lib/protocol/Parser.js:433:10)
    at Parser.write (/home/cipex/back.cipex.com.br/node_modules/mysql/lib/protocol/Parser.js:43:10)
    at Protocol.write (/home/cipex/back.cipex.com.br/node_modules/mysql/lib/protocol/Protocol.js:38:16)
    at Socket.<anonymous> (/home/cipex/back.cipex.com.br/node_modules/mysql/lib/Connection.js:88:28)
    at Socket.<anonymous> (/home/cipex/back.cipex.com.br/node_modules/mysql/lib/Connection.js:526:10)
    at Socket.emit (node:events:517:28)
    at addChunk (node:internal/streams/readable:368:12)
    --------------------
    at Protocol._enqueue (/home/cipex/back.cipex.com.br/node_modules/mysql/lib/protocol/Protocol.js:144:48)
    at Connection.query (/home/cipex/back.cipex.com.br/node_modules/mysql/lib/Connection.js:198:25)
    at Query.<anonymous> (/home/cipex/back.cipex.com.br/index.js:232:8)
    at Query.<anonymous> (/home/cipex/back.cipex.com.br/node_modules/mysql/lib/Connection.js:526:10)
    at Query._callback (/home/cipex/back.cipex.com.br/node_modules/mysql/lib/Connection.js:488:16)
    at Sequence.end (/home/cipex/back.cipex.com.br/node_modules/mysql/lib/protocol/sequences/Sequence.js:83:24)
    at Query._handleFinalResultPacket (/home/cipex/back.cipex.com.br/node_modules/mysql/lib/protocol/sequences/Query.js:149:8)
    at Query.EofPacket (/home/cipex/back.cipex.com.br/node_modules/mysql/lib/protocol/sequences/Query.js:133:8)
    at Protocol._parsePacket (/home/cipex/back.cipex.com.br/node_modules/mysql/lib/protocol/Protocol.js:291:23)
    at Parser._parsePacket (/home/cipex/back.cipex.com.br/node_modules/mysql/lib/protocol/Parser.js:433:10)
2024-05-28T16:19:21.362Z - Error: ER_TRUNCATED_WRONG_VALUE_FOR_FIELD: Incorrect integer value: '' for column `cipex_portal`.`cp_usuarios`.`cp_rg` at row 1
    at Sequence._packetToError (/home/cipex/back.cipex.com.br/node_modules/mysql/lib/protocol/sequences/Sequence.js:47:14)
    at Query.ErrorPacket (/home/cipex/back.cipex.com.br/node_modules/mysql/lib/protocol/sequences/Query.js:79:18)
    at Protocol._parsePacket (/home/cipex/back.cipex.com.br/node_modules/mysql/lib/protocol/Protocol.js:291:23)
    at Parser._parsePacket (/home/cipex/back.cipex.com.br/node_modules/mysql/lib/protocol/Parser.js:433:10)
    at Parser.write (/home/cipex/back.cipex.com.br/node_modules/mysql/lib/protocol/Parser.js:43:10)
    at Protocol.write (/home/cipex/back.cipex.com.br/node_modules/mysql/lib/protocol/Protocol.js:38:16)
    at Socket.<anonymous> (/home/cipex/back.cipex.com.br/node_modules/mysql/lib/Connection.js:88:28)
    at Socket.<anonymous> (/home/cipex/back.cipex.com.br/node_modules/mysql/lib/Connection.js:526:10)
    at Socket.emit (node:events:517:28)
    at addChunk (node:internal/streams/readable:368:12)
    --------------------
    at Protocol._enqueue (/home/cipex/back.cipex.com.br/node_modules/mysql/lib/protocol/Protocol.js:144:48)
    at Connection.query (/home/cipex/back.cipex.com.br/node_modules/mysql/lib/Connection.js:198:25)
    at Query.<anonymous> (/home/cipex/back.cipex.com.br/index.js:232:8)
    at Query.<anonymous> (/home/cipex/back.cipex.com.br/node_modules/mysql/lib/Connection.js:526:10)
    at Query._callback (/home/cipex/back.cipex.com.br/node_modules/mysql/lib/Connection.js:488:16)
    at Sequence.end (/home/cipex/back.cipex.com.br/node_modules/mysql/lib/protocol/sequences/Sequence.js:83:24)
    at Query._handleFinalResultPacket (/home/cipex/back.cipex.com.br/node_modules/mysql/lib/protocol/sequences/Query.js:149:8)
    at Query.EofPacket (/home/cipex/back.cipex.com.br/node_modules/mysql/lib/protocol/sequences/Query.js:133:8)
    at Protocol._parsePacket (/home/cipex/back.cipex.com.br/node_modules/mysql/lib/protocol/Protocol.js:291:23)
    at Parser._parsePacket (/home/cipex/back.cipex.com.br/node_modules/mysql/lib/protocol/Parser.js:433:10)
2024-05-28T16:27:10.069Z - Error: ER_TRUNCATED_WRONG_VALUE_FOR_FIELD: Incorrect integer value: '' for column `cipex_portal`.`cp_usuarios`.`cp_rg` at row 1
    at Sequence._packetToError (/home/cipex/back.cipex.com.br/node_modules/mysql/lib/protocol/sequences/Sequence.js:47:14)
    at Query.ErrorPacket (/home/cipex/back.cipex.com.br/node_modules/mysql/lib/protocol/sequences/Query.js:79:18)
    at Protocol._parsePacket (/home/cipex/back.cipex.com.br/node_modules/mysql/lib/protocol/Protocol.js:291:23)
    at Parser._parsePacket (/home/cipex/back.cipex.com.br/node_modules/mysql/lib/protocol/Parser.js:433:10)
    at Parser.write (/home/cipex/back.cipex.com.br/node_modules/mysql/lib/protocol/Parser.js:43:10)
    at Protocol.write (/home/cipex/back.cipex.com.br/node_modules/mysql/lib/protocol/Protocol.js:38:16)
    at Socket.<anonymous> (/home/cipex/back.cipex.com.br/node_modules/mysql/lib/Connection.js:88:28)
    at Socket.<anonymous> (/home/cipex/back.cipex.com.br/node_modules/mysql/lib/Connection.js:526:10)
    at Socket.emit (node:events:517:28)
    at addChunk (node:internal/streams/readable:368:12)
    --------------------
    at Protocol._enqueue (/home/cipex/back.cipex.com.br/node_modules/mysql/lib/protocol/Protocol.js:144:48)
    at Connection.query (/home/cipex/back.cipex.com.br/node_modules/mysql/lib/Connection.js:198:25)
    at Query.<anonymous> (/home/cipex/back.cipex.com.br/index.js:232:8)
    at Query.<anonymous> (/home/cipex/back.cipex.com.br/node_modules/mysql/lib/Connection.js:526:10)
    at Query._callback (/home/cipex/back.cipex.com.br/node_modules/mysql/lib/Connection.js:488:16)
    at Sequence.end (/home/cipex/back.cipex.com.br/node_modules/mysql/lib/protocol/sequences/Sequence.js:83:24)
    at Query._handleFinalResultPacket (/home/cipex/back.cipex.com.br/node_modules/mysql/lib/protocol/sequences/Query.js:149:8)
    at Query.EofPacket (/home/cipex/back.cipex.com.br/node_modules/mysql/lib/protocol/sequences/Query.js:133:8)
    at Protocol._parsePacket (/home/cipex/back.cipex.com.br/node_modules/mysql/lib/protocol/Protocol.js:291:23)
    at Parser._parsePacket (/home/cipex/back.cipex.com.br/node_modules/mysql/lib/protocol/Parser.js:433:10)
2024-05-28T20:47:22.046Z - Error: ER_TRUNCATED_WRONG_VALUE_FOR_FIELD: Incorrect integer value: '' for column `cipex_portal`.`cp_usuarios`.`cp_rg` at row 1
    at Sequence._packetToError (/home/cipex/back.cipex.com.br/node_modules/mysql/lib/protocol/sequences/Sequence.js:47:14)
    at Query.ErrorPacket (/home/cipex/back.cipex.com.br/node_modules/mysql/lib/protocol/sequences/Query.js:79:18)
    at Protocol._parsePacket (/home/cipex/back.cipex.com.br/node_modules/mysql/lib/protocol/Protocol.js:291:23)
    at Parser._parsePacket (/home/cipex/back.cipex.com.br/node_modules/mysql/lib/protocol/Parser.js:433:10)
    at Parser.write (/home/cipex/back.cipex.com.br/node_modules/mysql/lib/protocol/Parser.js:43:10)
    at Protocol.write (/home/cipex/back.cipex.com.br/node_modules/mysql/lib/protocol/Protocol.js:38:16)
    at Socket.<anonymous> (/home/cipex/back.cipex.com.br/node_modules/mysql/lib/Connection.js:88:28)
    at Socket.<anonymous> (/home/cipex/back.cipex.com.br/node_modules/mysql/lib/Connection.js:526:10)
    at Socket.emit (node:events:517:28)
    at addChunk (node:internal/streams/readable:368:12)
    --------------------
    at Protocol._enqueue (/home/cipex/back.cipex.com.br/node_modules/mysql/lib/protocol/Protocol.js:144:48)
    at Connection.query (/home/cipex/back.cipex.com.br/node_modules/mysql/lib/Connection.js:198:25)
    at Query.<anonymous> (/home/cipex/back.cipex.com.br/index.js:232:8)
    at Query.<anonymous> (/home/cipex/back.cipex.com.br/node_modules/mysql/lib/Connection.js:526:10)
    at Query._callback (/home/cipex/back.cipex.com.br/node_modules/mysql/lib/Connection.js:488:16)
    at Sequence.end (/home/cipex/back.cipex.com.br/node_modules/mysql/lib/protocol/sequences/Sequence.js:83:24)
    at Query._handleFinalResultPacket (/home/cipex/back.cipex.com.br/node_modules/mysql/lib/protocol/sequences/Query.js:149:8)
    at Query.EofPacket (/home/cipex/back.cipex.com.br/node_modules/mysql/lib/protocol/sequences/Query.js:133:8)
    at Protocol._parsePacket (/home/cipex/back.cipex.com.br/node_modules/mysql/lib/protocol/Protocol.js:291:23)
    at Parser._parsePacket (/home/cipex/back.cipex.com.br/node_modules/mysql/lib/protocol/Parser.js:433:10)
2024-05-28T20:47:34.821Z - Error: ER_TRUNCATED_WRONG_VALUE_FOR_FIELD: Incorrect integer value: '' for column `cipex_portal`.`cp_usuarios`.`cp_rg` at row 1
    at Sequence._packetToError (/home/cipex/back.cipex.com.br/node_modules/mysql/lib/protocol/sequences/Sequence.js:47:14)
    at Query.ErrorPacket (/home/cipex/back.cipex.com.br/node_modules/mysql/lib/protocol/sequences/Query.js:79:18)
    at Protocol._parsePacket (/home/cipex/back.cipex.com.br/node_modules/mysql/lib/protocol/Protocol.js:291:23)
    at Parser._parsePacket (/home/cipex/back.cipex.com.br/node_modules/mysql/lib/protocol/Parser.js:433:10)
    at Parser.write (/home/cipex/back.cipex.com.br/node_modules/mysql/lib/protocol/Parser.js:43:10)
    at Protocol.write (/home/cipex/back.cipex.com.br/node_modules/mysql/lib/protocol/Protocol.js:38:16)
    at Socket.<anonymous> (/home/cipex/back.cipex.com.br/node_modules/mysql/lib/Connection.js:88:28)
    at Socket.<anonymous> (/home/cipex/back.cipex.com.br/node_modules/mysql/lib/Connection.js:526:10)
    at Socket.emit (node:events:517:28)
    at addChunk (node:internal/streams/readable:368:12)
    --------------------
    at Protocol._enqueue (/home/cipex/back.cipex.com.br/node_modules/mysql/lib/protocol/Protocol.js:144:48)
    at Connection.query (/home/cipex/back.cipex.com.br/node_modules/mysql/lib/Connection.js:198:25)
    at Query.<anonymous> (/home/cipex/back.cipex.com.br/index.js:232:8)
    at Query.<anonymous> (/home/cipex/back.cipex.com.br/node_modules/mysql/lib/Connection.js:526:10)
    at Query._callback (/home/cipex/back.cipex.com.br/node_modules/mysql/lib/Connection.js:488:16)
    at Sequence.end (/home/cipex/back.cipex.com.br/node_modules/mysql/lib/protocol/sequences/Sequence.js:83:24)
    at Query._handleFinalResultPacket (/home/cipex/back.cipex.com.br/node_modules/mysql/lib/protocol/sequences/Query.js:149:8)
    at Query.EofPacket (/home/cipex/back.cipex.com.br/node_modules/mysql/lib/protocol/sequences/Query.js:133:8)
    at Protocol._parsePacket (/home/cipex/back.cipex.com.br/node_modules/mysql/lib/protocol/Protocol.js:291:23)
    at Parser._parsePacket (/home/cipex/back.cipex.com.br/node_modules/mysql/lib/protocol/Parser.js:433:10)
2024-05-28T20:47:56.699Z - Error: ER_TRUNCATED_WRONG_VALUE_FOR_FIELD: Incorrect integer value: '' for column `cipex_portal`.`cp_usuarios`.`cp_rg` at row 1
    at Sequence._packetToError (/home/cipex/back.cipex.com.br/node_modules/mysql/lib/protocol/sequences/Sequence.js:47:14)
    at Query.ErrorPacket (/home/cipex/back.cipex.com.br/node_modules/mysql/lib/protocol/sequences/Query.js:79:18)
    at Protocol._parsePacket (/home/cipex/back.cipex.com.br/node_modules/mysql/lib/protocol/Protocol.js:291:23)
    at Parser._parsePacket (/home/cipex/back.cipex.com.br/node_modules/mysql/lib/protocol/Parser.js:433:10)
    at Parser.write (/home/cipex/back.cipex.com.br/node_modules/mysql/lib/protocol/Parser.js:43:10)
    at Protocol.write (/home/cipex/back.cipex.com.br/node_modules/mysql/lib/protocol/Protocol.js:38:16)
    at Socket.<anonymous> (/home/cipex/back.cipex.com.br/node_modules/mysql/lib/Connection.js:88:28)
    at Socket.<anonymous> (/home/cipex/back.cipex.com.br/node_modules/mysql/lib/Connection.js:526:10)
    at Socket.emit (node:events:517:28)
    at addChunk (node:internal/streams/readable:368:12)
    --------------------
    at Protocol._enqueue (/home/cipex/back.cipex.com.br/node_modules/mysql/lib/protocol/Protocol.js:144:48)
    at Connection.query (/home/cipex/back.cipex.com.br/node_modules/mysql/lib/Connection.js:198:25)
    at Query.<anonymous> (/home/cipex/back.cipex.com.br/index.js:232:8)
    at Query.<anonymous> (/home/cipex/back.cipex.com.br/node_modules/mysql/lib/Connection.js:526:10)
    at Query._callback (/home/cipex/back.cipex.com.br/node_modules/mysql/lib/Connection.js:488:16)
    at Sequence.end (/home/cipex/back.cipex.com.br/node_modules/mysql/lib/protocol/sequences/Sequence.js:83:24)
    at Query._handleFinalResultPacket (/home/cipex/back.cipex.com.br/node_modules/mysql/lib/protocol/sequences/Query.js:149:8)
    at Query.EofPacket (/home/cipex/back.cipex.com.br/node_modules/mysql/lib/protocol/sequences/Query.js:133:8)
    at Protocol._parsePacket (/home/cipex/back.cipex.com.br/node_modules/mysql/lib/protocol/Protocol.js:291:23)
    at Parser._parsePacket (/home/cipex/back.cipex.com.br/node_modules/mysql/lib/protocol/Parser.js:433:10)
2024-05-28T21:07:52.359Z - Error: ER_TRUNCATED_WRONG_VALUE_FOR_FIELD: Incorrect integer value: '' for column `cipex_portal`.`cp_usuarios`.`cp_rg` at row 1
    at Sequence._packetToError (/home/cipex/back.cipex.com.br/node_modules/mysql/lib/protocol/sequences/Sequence.js:47:14)
    at Query.ErrorPacket (/home/cipex/back.cipex.com.br/node_modules/mysql/lib/protocol/sequences/Query.js:79:18)
    at Protocol._parsePacket (/home/cipex/back.cipex.com.br/node_modules/mysql/lib/protocol/Protocol.js:291:23)
    at Parser._parsePacket (/home/cipex/back.cipex.com.br/node_modules/mysql/lib/protocol/Parser.js:433:10)
    at Parser.write (/home/cipex/back.cipex.com.br/node_modules/mysql/lib/protocol/Parser.js:43:10)
    at Protocol.write (/home/cipex/back.cipex.com.br/node_modules/mysql/lib/protocol/Protocol.js:38:16)
    at Socket.<anonymous> (/home/cipex/back.cipex.com.br/node_modules/mysql/lib/Connection.js:88:28)
    at Socket.<anonymous> (/home/cipex/back.cipex.com.br/node_modules/mysql/lib/Connection.js:526:10)
    at Socket.emit (node:events:517:28)
    at addChunk (node:internal/streams/readable:368:12)
    --------------------
    at Protocol._enqueue (/home/cipex/back.cipex.com.br/node_modules/mysql/lib/protocol/Protocol.js:144:48)
    at Connection.query (/home/cipex/back.cipex.com.br/node_modules/mysql/lib/Connection.js:198:25)
    at Query.<anonymous> (/home/cipex/back.cipex.com.br/index.js:232:8)
    at Query.<anonymous> (/home/cipex/back.cipex.com.br/node_modules/mysql/lib/Connection.js:526:10)
    at Query._callback (/home/cipex/back.cipex.com.br/node_modules/mysql/lib/Connection.js:488:16)
    at Sequence.end (/home/cipex/back.cipex.com.br/node_modules/mysql/lib/protocol/sequences/Sequence.js:83:24)
    at Query._handleFinalResultPacket (/home/cipex/back.cipex.com.br/node_modules/mysql/lib/protocol/sequences/Query.js:149:8)
    at Query.EofPacket (/home/cipex/back.cipex.com.br/node_modules/mysql/lib/protocol/sequences/Query.js:133:8)
    at Protocol._parsePacket (/home/cipex/back.cipex.com.br/node_modules/mysql/lib/protocol/Protocol.js:291:23)
    at Parser._parsePacket (/home/cipex/back.cipex.com.br/node_modules/mysql/lib/protocol/Parser.js:433:10)
2024-06-08T04:12:45.620Z - Error: ER_TRUNCATED_WRONG_VALUE_FOR_FIELD: Incorrect integer value: '' for column `cipex_portal`.`cp_usuarios`.`cp_rg` at row 1
    at Sequence._packetToError (/home/cipex/back.cipex.com.br/node_modules/mysql/lib/protocol/sequences/Sequence.js:47:14)
    at Query.ErrorPacket (/home/cipex/back.cipex.com.br/node_modules/mysql/lib/protocol/sequences/Query.js:79:18)
    at Protocol._parsePacket (/home/cipex/back.cipex.com.br/node_modules/mysql/lib/protocol/Protocol.js:291:23)
    at Parser._parsePacket (/home/cipex/back.cipex.com.br/node_modules/mysql/lib/protocol/Parser.js:433:10)
    at Parser.write (/home/cipex/back.cipex.com.br/node_modules/mysql/lib/protocol/Parser.js:43:10)
    at Protocol.write (/home/cipex/back.cipex.com.br/node_modules/mysql/lib/protocol/Protocol.js:38:16)
    at Socket.<anonymous> (/home/cipex/back.cipex.com.br/node_modules/mysql/lib/Connection.js:88:28)
    at Socket.<anonymous> (/home/cipex/back.cipex.com.br/node_modules/mysql/lib/Connection.js:526:10)
    at Socket.emit (node:events:517:28)
    at addChunk (node:internal/streams/readable:368:12)
    --------------------
    at Protocol._enqueue (/home/cipex/back.cipex.com.br/node_modules/mysql/lib/protocol/Protocol.js:144:48)
    at Connection.query (/home/cipex/back.cipex.com.br/node_modules/mysql/lib/Connection.js:198:25)
    at Query.<anonymous> (/home/cipex/back.cipex.com.br/index.js:262:8)
    at Query.<anonymous> (/home/cipex/back.cipex.com.br/node_modules/mysql/lib/Connection.js:526:10)
    at Query._callback (/home/cipex/back.cipex.com.br/node_modules/mysql/lib/Connection.js:488:16)
    at Sequence.end (/home/cipex/back.cipex.com.br/node_modules/mysql/lib/protocol/sequences/Sequence.js:83:24)
    at Query._handleFinalResultPacket (/home/cipex/back.cipex.com.br/node_modules/mysql/lib/protocol/sequences/Query.js:149:8)
    at Query.EofPacket (/home/cipex/back.cipex.com.br/node_modules/mysql/lib/protocol/sequences/Query.js:133:8)
    at Protocol._parsePacket (/home/cipex/back.cipex.com.br/node_modules/mysql/lib/protocol/Protocol.js:291:23)
    at Parser._parsePacket (/home/cipex/back.cipex.com.br/node_modules/mysql/lib/protocol/Parser.js:433:10)
2024-06-08T04:17:05.501Z - Error: ER_TRUNCATED_WRONG_VALUE_FOR_FIELD: Incorrect integer value: '' for column `cipex_portal`.`cp_usuarios`.`cp_rg` at row 1
    at Sequence._packetToError (/home/cipex/back.cipex.com.br/node_modules/mysql/lib/protocol/sequences/Sequence.js:47:14)
    at Query.ErrorPacket (/home/cipex/back.cipex.com.br/node_modules/mysql/lib/protocol/sequences/Query.js:79:18)
    at Protocol._parsePacket (/home/cipex/back.cipex.com.br/node_modules/mysql/lib/protocol/Protocol.js:291:23)
    at Parser._parsePacket (/home/cipex/back.cipex.com.br/node_modules/mysql/lib/protocol/Parser.js:433:10)
    at Parser.write (/home/cipex/back.cipex.com.br/node_modules/mysql/lib/protocol/Parser.js:43:10)
    at Protocol.write (/home/cipex/back.cipex.com.br/node_modules/mysql/lib/protocol/Protocol.js:38:16)
    at Socket.<anonymous> (/home/cipex/back.cipex.com.br/node_modules/mysql/lib/Connection.js:88:28)
    at Socket.<anonymous> (/home/cipex/back.cipex.com.br/node_modules/mysql/lib/Connection.js:526:10)
    at Socket.emit (node:events:517:28)
    at addChunk (node:internal/streams/readable:368:12)
    --------------------
    at Protocol._enqueue (/home/cipex/back.cipex.com.br/node_modules/mysql/lib/protocol/Protocol.js:144:48)
    at Connection.query (/home/cipex/back.cipex.com.br/node_modules/mysql/lib/Connection.js:198:25)
    at Query.<anonymous> (/home/cipex/back.cipex.com.br/index.js:262:8)
    at Query.<anonymous> (/home/cipex/back.cipex.com.br/node_modules/mysql/lib/Connection.js:526:10)
    at Query._callback (/home/cipex/back.cipex.com.br/node_modules/mysql/lib/Connection.js:488:16)
    at Sequence.end (/home/cipex/back.cipex.com.br/node_modules/mysql/lib/protocol/sequences/Sequence.js:83:24)
    at Query._handleFinalResultPacket (/home/cipex/back.cipex.com.br/node_modules/mysql/lib/protocol/sequences/Query.js:149:8)
    at Query.EofPacket (/home/cipex/back.cipex.com.br/node_modules/mysql/lib/protocol/sequences/Query.js:133:8)
    at Protocol._parsePacket (/home/cipex/back.cipex.com.br/node_modules/mysql/lib/protocol/Protocol.js:291:23)
    at Parser._parsePacket (/home/cipex/back.cipex.com.br/node_modules/mysql/lib/protocol/Parser.js:433:10)
2024-06-08T04:17:31.629Z - Error: ER_TRUNCATED_WRONG_VALUE_FOR_FIELD: Incorrect integer value: '' for column `cipex_portal`.`cp_usuarios`.`cp_rg` at row 1
    at Sequence._packetToError (/home/cipex/back.cipex.com.br/node_modules/mysql/lib/protocol/sequences/Sequence.js:47:14)
    at Query.ErrorPacket (/home/cipex/back.cipex.com.br/node_modules/mysql/lib/protocol/sequences/Query.js:79:18)
    at Protocol._parsePacket (/home/cipex/back.cipex.com.br/node_modules/mysql/lib/protocol/Protocol.js:291:23)
    at Parser._parsePacket (/home/cipex/back.cipex.com.br/node_modules/mysql/lib/protocol/Parser.js:433:10)
    at Parser.write (/home/cipex/back.cipex.com.br/node_modules/mysql/lib/protocol/Parser.js:43:10)
    at Protocol.write (/home/cipex/back.cipex.com.br/node_modules/mysql/lib/protocol/Protocol.js:38:16)
    at Socket.<anonymous> (/home/cipex/back.cipex.com.br/node_modules/mysql/lib/Connection.js:88:28)
    at Socket.<anonymous> (/home/cipex/back.cipex.com.br/node_modules/mysql/lib/Connection.js:526:10)
    at Socket.emit (node:events:517:28)
    at addChunk (node:internal/streams/readable:368:12)
    --------------------
    at Protocol._enqueue (/home/cipex/back.cipex.com.br/node_modules/mysql/lib/protocol/Protocol.js:144:48)
    at Connection.query (/home/cipex/back.cipex.com.br/node_modules/mysql/lib/Connection.js:198:25)
    at Query.<anonymous> (/home/cipex/back.cipex.com.br/index.js:262:8)
    at Query.<anonymous> (/home/cipex/back.cipex.com.br/node_modules/mysql/lib/Connection.js:526:10)
    at Query._callback (/home/cipex/back.cipex.com.br/node_modules/mysql/lib/Connection.js:488:16)
    at Sequence.end (/home/cipex/back.cipex.com.br/node_modules/mysql/lib/protocol/sequences/Sequence.js:83:24)
    at Query._handleFinalResultPacket (/home/cipex/back.cipex.com.br/node_modules/mysql/lib/protocol/sequences/Query.js:149:8)
    at Query.EofPacket (/home/cipex/back.cipex.com.br/node_modules/mysql/lib/protocol/sequences/Query.js:133:8)
    at Protocol._parsePacket (/home/cipex/back.cipex.com.br/node_modules/mysql/lib/protocol/Protocol.js:291:23)
    at Parser._parsePacket (/home/cipex/back.cipex.com.br/node_modules/mysql/lib/protocol/Parser.js:433:10)
2024-06-08T04:19:45.397Z - Error: ER_TRUNCATED_WRONG_VALUE_FOR_FIELD: Incorrect integer value: '' for column `cipex_portal`.`cp_usuarios`.`cp_rg` at row 1
    at Sequence._packetToError (/home/cipex/back.cipex.com.br/node_modules/mysql/lib/protocol/sequences/Sequence.js:47:14)
    at Query.ErrorPacket (/home/cipex/back.cipex.com.br/node_modules/mysql/lib/protocol/sequences/Query.js:79:18)
    at Protocol._parsePacket (/home/cipex/back.cipex.com.br/node_modules/mysql/lib/protocol/Protocol.js:291:23)
    at Parser._parsePacket (/home/cipex/back.cipex.com.br/node_modules/mysql/lib/protocol/Parser.js:433:10)
    at Parser.write (/home/cipex/back.cipex.com.br/node_modules/mysql/lib/protocol/Parser.js:43:10)
    at Protocol.write (/home/cipex/back.cipex.com.br/node_modules/mysql/lib/protocol/Protocol.js:38:16)
    at Socket.<anonymous> (/home/cipex/back.cipex.com.br/node_modules/mysql/lib/Connection.js:88:28)
    at Socket.<anonymous> (/home/cipex/back.cipex.com.br/node_modules/mysql/lib/Connection.js:526:10)
    at Socket.emit (node:events:517:28)
    at addChunk (node:internal/streams/readable:368:12)
    --------------------
    at Protocol._enqueue (/home/cipex/back.cipex.com.br/node_modules/mysql/lib/protocol/Protocol.js:144:48)
    at Connection.query (/home/cipex/back.cipex.com.br/node_modules/mysql/lib/Connection.js:198:25)
    at Query.<anonymous> (/home/cipex/back.cipex.com.br/index.js:262:8)
    at Query.<anonymous> (/home/cipex/back.cipex.com.br/node_modules/mysql/lib/Connection.js:526:10)
    at Query._callback (/home/cipex/back.cipex.com.br/node_modules/mysql/lib/Connection.js:488:16)
    at Sequence.end (/home/cipex/back.cipex.com.br/node_modules/mysql/lib/protocol/sequences/Sequence.js:83:24)
    at Query._handleFinalResultPacket (/home/cipex/back.cipex.com.br/node_modules/mysql/lib/protocol/sequences/Query.js:149:8)
    at Query.EofPacket (/home/cipex/back.cipex.com.br/node_modules/mysql/lib/protocol/sequences/Query.js:133:8)
    at Protocol._parsePacket (/home/cipex/back.cipex.com.br/node_modules/mysql/lib/protocol/Protocol.js:291:23)
    at Parser._parsePacket (/home/cipex/back.cipex.com.br/node_modules/mysql/lib/protocol/Parser.js:433:10)
2024-06-08T04:21:35.186Z - Error: ER_TRUNCATED_WRONG_VALUE_FOR_FIELD: Incorrect integer value: '' for column `cipex_portal`.`cp_usuarios`.`cp_rg` at row 1
    at Sequence._packetToError (/home/cipex/back.cipex.com.br/node_modules/mysql/lib/protocol/sequences/Sequence.js:47:14)
    at Query.ErrorPacket (/home/cipex/back.cipex.com.br/node_modules/mysql/lib/protocol/sequences/Query.js:79:18)
    at Protocol._parsePacket (/home/cipex/back.cipex.com.br/node_modules/mysql/lib/protocol/Protocol.js:291:23)
    at Parser._parsePacket (/home/cipex/back.cipex.com.br/node_modules/mysql/lib/protocol/Parser.js:433:10)
    at Parser.write (/home/cipex/back.cipex.com.br/node_modules/mysql/lib/protocol/Parser.js:43:10)
    at Protocol.write (/home/cipex/back.cipex.com.br/node_modules/mysql/lib/protocol/Protocol.js:38:16)
    at Socket.<anonymous> (/home/cipex/back.cipex.com.br/node_modules/mysql/lib/Connection.js:88:28)
    at Socket.<anonymous> (/home/cipex/back.cipex.com.br/node_modules/mysql/lib/Connection.js:526:10)
    at Socket.emit (node:events:517:28)
    at addChunk (node:internal/streams/readable:368:12)
    --------------------
    at Protocol._enqueue (/home/cipex/back.cipex.com.br/node_modules/mysql/lib/protocol/Protocol.js:144:48)
    at Connection.query (/home/cipex/back.cipex.com.br/node_modules/mysql/lib/Connection.js:198:25)
    at Query.<anonymous> (/home/cipex/back.cipex.com.br/index.js:262:8)
    at Query.<anonymous> (/home/cipex/back.cipex.com.br/node_modules/mysql/lib/Connection.js:526:10)
    at Query._callback (/home/cipex/back.cipex.com.br/node_modules/mysql/lib/Connection.js:488:16)
    at Sequence.end (/home/cipex/back.cipex.com.br/node_modules/mysql/lib/protocol/sequences/Sequence.js:83:24)
    at Query._handleFinalResultPacket (/home/cipex/back.cipex.com.br/node_modules/mysql/lib/protocol/sequences/Query.js:149:8)
    at Query.EofPacket (/home/cipex/back.cipex.com.br/node_modules/mysql/lib/protocol/sequences/Query.js:133:8)
    at Protocol._parsePacket (/home/cipex/back.cipex.com.br/node_modules/mysql/lib/protocol/Protocol.js:291:23)
    at Parser._parsePacket (/home/cipex/back.cipex.com.br/node_modules/mysql/lib/protocol/Parser.js:433:10)
2024-06-10T18:58:07.115Z - Error: WARN_DATA_TRUNCATED: Data truncated for column 'cp_rg' at row 1
    at Sequence._packetToError (/home/cipex/back.cipex.com.br/node_modules/mysql/lib/protocol/sequences/Sequence.js:47:14)
    at Query.ErrorPacket (/home/cipex/back.cipex.com.br/node_modules/mysql/lib/protocol/sequences/Query.js:79:18)
    at Protocol._parsePacket (/home/cipex/back.cipex.com.br/node_modules/mysql/lib/protocol/Protocol.js:291:23)
    at Parser._parsePacket (/home/cipex/back.cipex.com.br/node_modules/mysql/lib/protocol/Parser.js:433:10)
    at Parser.write (/home/cipex/back.cipex.com.br/node_modules/mysql/lib/protocol/Parser.js:43:10)
    at Protocol.write (/home/cipex/back.cipex.com.br/node_modules/mysql/lib/protocol/Protocol.js:38:16)
    at Socket.<anonymous> (/home/cipex/back.cipex.com.br/node_modules/mysql/lib/Connection.js:88:28)
    at Socket.<anonymous> (/home/cipex/back.cipex.com.br/node_modules/mysql/lib/Connection.js:526:10)
    at Socket.emit (node:events:517:28)
    at addChunk (node:internal/streams/readable:368:12)
    --------------------
    at Protocol._enqueue (/home/cipex/back.cipex.com.br/node_modules/mysql/lib/protocol/Protocol.js:144:48)
    at Connection.query (/home/cipex/back.cipex.com.br/node_modules/mysql/lib/Connection.js:198:25)
    at Query.<anonymous> (/home/cipex/back.cipex.com.br/index.js:262:8)
    at Query.<anonymous> (/home/cipex/back.cipex.com.br/node_modules/mysql/lib/Connection.js:526:10)
    at Query._callback (/home/cipex/back.cipex.com.br/node_modules/mysql/lib/Connection.js:488:16)
    at Sequence.end (/home/cipex/back.cipex.com.br/node_modules/mysql/lib/protocol/sequences/Sequence.js:83:24)
    at Query._handleFinalResultPacket (/home/cipex/back.cipex.com.br/node_modules/mysql/lib/protocol/sequences/Query.js:149:8)
    at Query.EofPacket (/home/cipex/back.cipex.com.br/node_modules/mysql/lib/protocol/sequences/Query.js:133:8)
    at Protocol._parsePacket (/home/cipex/back.cipex.com.br/node_modules/mysql/lib/protocol/Protocol.js:291:23)
    at Parser._parsePacket (/home/cipex/back.cipex.com.br/node_modules/mysql/lib/protocol/Parser.js:433:10)
2024-06-10T18:59:26.662Z - Error: WARN_DATA_TRUNCATED: Data truncated for column 'cp_rg' at row 1
    at Sequence._packetToError (/home/cipex/back.cipex.com.br/node_modules/mysql/lib/protocol/sequences/Sequence.js:47:14)
    at Query.ErrorPacket (/home/cipex/back.cipex.com.br/node_modules/mysql/lib/protocol/sequences/Query.js:79:18)
    at Protocol._parsePacket (/home/cipex/back.cipex.com.br/node_modules/mysql/lib/protocol/Protocol.js:291:23)
    at Parser._parsePacket (/home/cipex/back.cipex.com.br/node_modules/mysql/lib/protocol/Parser.js:433:10)
    at Parser.write (/home/cipex/back.cipex.com.br/node_modules/mysql/lib/protocol/Parser.js:43:10)
    at Protocol.write (/home/cipex/back.cipex.com.br/node_modules/mysql/lib/protocol/Protocol.js:38:16)
    at Socket.<anonymous> (/home/cipex/back.cipex.com.br/node_modules/mysql/lib/Connection.js:88:28)
    at Socket.<anonymous> (/home/cipex/back.cipex.com.br/node_modules/mysql/lib/Connection.js:526:10)
    at Socket.emit (node:events:517:28)
    at addChunk (node:internal/streams/readable:368:12)
    --------------------
    at Protocol._enqueue (/home/cipex/back.cipex.com.br/node_modules/mysql/lib/protocol/Protocol.js:144:48)
    at Connection.query (/home/cipex/back.cipex.com.br/node_modules/mysql/lib/Connection.js:198:25)
    at Query.<anonymous> (/home/cipex/back.cipex.com.br/index.js:262:8)
    at Query.<anonymous> (/home/cipex/back.cipex.com.br/node_modules/mysql/lib/Connection.js:526:10)
    at Query._callback (/home/cipex/back.cipex.com.br/node_modules/mysql/lib/Connection.js:488:16)
    at Sequence.end (/home/cipex/back.cipex.com.br/node_modules/mysql/lib/protocol/sequences/Sequence.js:83:24)
    at Query._handleFinalResultPacket (/home/cipex/back.cipex.com.br/node_modules/mysql/lib/protocol/sequences/Query.js:149:8)
    at Query.EofPacket (/home/cipex/back.cipex.com.br/node_modules/mysql/lib/protocol/sequences/Query.js:133:8)
    at Protocol._parsePacket (/home/cipex/back.cipex.com.br/node_modules/mysql/lib/protocol/Protocol.js:291:23)
    at Parser._parsePacket (/home/cipex/back.cipex.com.br/node_modules/mysql/lib/protocol/Parser.js:433:10)
2024-06-10T19:00:46.667Z - Error: WARN_DATA_TRUNCATED: Data truncated for column 'cp_rg' at row 1
    at Sequence._packetToError (/home/cipex/back.cipex.com.br/node_modules/mysql/lib/protocol/sequences/Sequence.js:47:14)
    at Query.ErrorPacket (/home/cipex/back.cipex.com.br/node_modules/mysql/lib/protocol/sequences/Query.js:79:18)
    at Protocol._parsePacket (/home/cipex/back.cipex.com.br/node_modules/mysql/lib/protocol/Protocol.js:291:23)
    at Parser._parsePacket (/home/cipex/back.cipex.com.br/node_modules/mysql/lib/protocol/Parser.js:433:10)
    at Parser.write (/home/cipex/back.cipex.com.br/node_modules/mysql/lib/protocol/Parser.js:43:10)
    at Protocol.write (/home/cipex/back.cipex.com.br/node_modules/mysql/lib/protocol/Protocol.js:38:16)
    at Socket.<anonymous> (/home/cipex/back.cipex.com.br/node_modules/mysql/lib/Connection.js:88:28)
    at Socket.<anonymous> (/home/cipex/back.cipex.com.br/node_modules/mysql/lib/Connection.js:526:10)
    at Socket.emit (node:events:517:28)
    at addChunk (node:internal/streams/readable:368:12)
    --------------------
    at Protocol._enqueue (/home/cipex/back.cipex.com.br/node_modules/mysql/lib/protocol/Protocol.js:144:48)
    at Connection.query (/home/cipex/back.cipex.com.br/node_modules/mysql/lib/Connection.js:198:25)
    at Query.<anonymous> (/home/cipex/back.cipex.com.br/index.js:262:8)
    at Query.<anonymous> (/home/cipex/back.cipex.com.br/node_modules/mysql/lib/Connection.js:526:10)
    at Query._callback (/home/cipex/back.cipex.com.br/node_modules/mysql/lib/Connection.js:488:16)
    at Sequence.end (/home/cipex/back.cipex.com.br/node_modules/mysql/lib/protocol/sequences/Sequence.js:83:24)
    at Query._handleFinalResultPacket (/home/cipex/back.cipex.com.br/node_modules/mysql/lib/protocol/sequences/Query.js:149:8)
    at Query.EofPacket (/home/cipex/back.cipex.com.br/node_modules/mysql/lib/protocol/sequences/Query.js:133:8)
    at Protocol._parsePacket (/home/cipex/back.cipex.com.br/node_modules/mysql/lib/protocol/Protocol.js:291:23)
    at Parser._parsePacket (/home/cipex/back.cipex.com.br/node_modules/mysql/lib/protocol/Parser.js:433:10)
2024-06-13T13:09:50.400Z - Error: ER_DATA_TOO_LONG: Data too long for column 'cp_rg' at row 1
    at Sequence._packetToError (/home/cipex/back.cipex.com.br/node_modules/mysql/lib/protocol/sequences/Sequence.js:47:14)
    at Query.ErrorPacket (/home/cipex/back.cipex.com.br/node_modules/mysql/lib/protocol/sequences/Query.js:79:18)
    at Protocol._parsePacket (/home/cipex/back.cipex.com.br/node_modules/mysql/lib/protocol/Protocol.js:291:23)
    at Parser._parsePacket (/home/cipex/back.cipex.com.br/node_modules/mysql/lib/protocol/Parser.js:433:10)
    at Parser.write (/home/cipex/back.cipex.com.br/node_modules/mysql/lib/protocol/Parser.js:43:10)
    at Protocol.write (/home/cipex/back.cipex.com.br/node_modules/mysql/lib/protocol/Protocol.js:38:16)
    at Socket.<anonymous> (/home/cipex/back.cipex.com.br/node_modules/mysql/lib/Connection.js:88:28)
    at Socket.<anonymous> (/home/cipex/back.cipex.com.br/node_modules/mysql/lib/Connection.js:526:10)
    at Socket.emit (node:events:517:28)
    at addChunk (node:internal/streams/readable:368:12)
    --------------------
    at Protocol._enqueue (/home/cipex/back.cipex.com.br/node_modules/mysql/lib/protocol/Protocol.js:144:48)
    at Connection.query (/home/cipex/back.cipex.com.br/node_modules/mysql/lib/Connection.js:198:25)
    at Query.<anonymous> (/home/cipex/back.cipex.com.br/index.js:262:8)
    at Query.<anonymous> (/home/cipex/back.cipex.com.br/node_modules/mysql/lib/Connection.js:526:10)
    at Query._callback (/home/cipex/back.cipex.com.br/node_modules/mysql/lib/Connection.js:488:16)
    at Sequence.end (/home/cipex/back.cipex.com.br/node_modules/mysql/lib/protocol/sequences/Sequence.js:83:24)
    at Query._handleFinalResultPacket (/home/cipex/back.cipex.com.br/node_modules/mysql/lib/protocol/sequences/Query.js:149:8)
    at Query.EofPacket (/home/cipex/back.cipex.com.br/node_modules/mysql/lib/protocol/sequences/Query.js:133:8)
    at Protocol._parsePacket (/home/cipex/back.cipex.com.br/node_modules/mysql/lib/protocol/Protocol.js:291:23)
    at Parser._parsePacket (/home/cipex/back.cipex.com.br/node_modules/mysql/lib/protocol/Parser.js:433:10)
2024-06-13T13:11:11.890Z - Error: ER_DATA_TOO_LONG: Data too long for column 'cp_rg' at row 1
    at Sequence._packetToError (/home/cipex/back.cipex.com.br/node_modules/mysql/lib/protocol/sequences/Sequence.js:47:14)
    at Query.ErrorPacket (/home/cipex/back.cipex.com.br/node_modules/mysql/lib/protocol/sequences/Query.js:79:18)
    at Protocol._parsePacket (/home/cipex/back.cipex.com.br/node_modules/mysql/lib/protocol/Protocol.js:291:23)
    at Parser._parsePacket (/home/cipex/back.cipex.com.br/node_modules/mysql/lib/protocol/Parser.js:433:10)
    at Parser.write (/home/cipex/back.cipex.com.br/node_modules/mysql/lib/protocol/Parser.js:43:10)
    at Protocol.write (/home/cipex/back.cipex.com.br/node_modules/mysql/lib/protocol/Protocol.js:38:16)
    at Socket.<anonymous> (/home/cipex/back.cipex.com.br/node_modules/mysql/lib/Connection.js:88:28)
    at Socket.<anonymous> (/home/cipex/back.cipex.com.br/node_modules/mysql/lib/Connection.js:526:10)
    at Socket.emit (node:events:517:28)
    at addChunk (node:internal/streams/readable:368:12)
    --------------------
    at Protocol._enqueue (/home/cipex/back.cipex.com.br/node_modules/mysql/lib/protocol/Protocol.js:144:48)
    at Connection.query (/home/cipex/back.cipex.com.br/node_modules/mysql/lib/Connection.js:198:25)
    at Query.<anonymous> (/home/cipex/back.cipex.com.br/index.js:262:8)
    at Query.<anonymous> (/home/cipex/back.cipex.com.br/node_modules/mysql/lib/Connection.js:526:10)
    at Query._callback (/home/cipex/back.cipex.com.br/node_modules/mysql/lib/Connection.js:488:16)
    at Sequence.end (/home/cipex/back.cipex.com.br/node_modules/mysql/lib/protocol/sequences/Sequence.js:83:24)
    at Query._handleFinalResultPacket (/home/cipex/back.cipex.com.br/node_modules/mysql/lib/protocol/sequences/Query.js:149:8)
    at Query.EofPacket (/home/cipex/back.cipex.com.br/node_modules/mysql/lib/protocol/sequences/Query.js:133:8)
    at Protocol._parsePacket (/home/cipex/back.cipex.com.br/node_modules/mysql/lib/protocol/Protocol.js:291:23)
    at Parser._parsePacket (/home/cipex/back.cipex.com.br/node_modules/mysql/lib/protocol/Parser.js:433:10)
2024-06-18T14:38:13.816Z - Error: WARN_DATA_TRUNCATED: Data truncated for column 'cp_end_cep' at row 1
    at Sequence._packetToError (/home/cipex/back.cipex.com.br/node_modules/mysql/lib/protocol/sequences/Sequence.js:47:14)
    at Query.ErrorPacket (/home/cipex/back.cipex.com.br/node_modules/mysql/lib/protocol/sequences/Query.js:79:18)
    at Protocol._parsePacket (/home/cipex/back.cipex.com.br/node_modules/mysql/lib/protocol/Protocol.js:291:23)
    at Parser._parsePacket (/home/cipex/back.cipex.com.br/node_modules/mysql/lib/protocol/Parser.js:433:10)
    at Parser.write (/home/cipex/back.cipex.com.br/node_modules/mysql/lib/protocol/Parser.js:43:10)
    at Protocol.write (/home/cipex/back.cipex.com.br/node_modules/mysql/lib/protocol/Protocol.js:38:16)
    at Socket.<anonymous> (/home/cipex/back.cipex.com.br/node_modules/mysql/lib/Connection.js:88:28)
    at Socket.<anonymous> (/home/cipex/back.cipex.com.br/node_modules/mysql/lib/Connection.js:526:10)
    at Socket.emit (node:events:517:28)
    at addChunk (node:internal/streams/readable:368:12)
    --------------------
    at Protocol._enqueue (/home/cipex/back.cipex.com.br/node_modules/mysql/lib/protocol/Protocol.js:144:48)
    at Connection.query (/home/cipex/back.cipex.com.br/node_modules/mysql/lib/Connection.js:198:25)
    at Query.<anonymous> (/home/cipex/back.cipex.com.br/index.js:262:8)
    at Query.<anonymous> (/home/cipex/back.cipex.com.br/node_modules/mysql/lib/Connection.js:526:10)
    at Query._callback (/home/cipex/back.cipex.com.br/node_modules/mysql/lib/Connection.js:488:16)
    at Sequence.end (/home/cipex/back.cipex.com.br/node_modules/mysql/lib/protocol/sequences/Sequence.js:83:24)
    at Query._handleFinalResultPacket (/home/cipex/back.cipex.com.br/node_modules/mysql/lib/protocol/sequences/Query.js:149:8)
    at Query.EofPacket (/home/cipex/back.cipex.com.br/node_modules/mysql/lib/protocol/sequences/Query.js:133:8)
    at Protocol._parsePacket (/home/cipex/back.cipex.com.br/node_modules/mysql/lib/protocol/Protocol.js:291:23)
    at Parser._parsePacket (/home/cipex/back.cipex.com.br/node_modules/mysql/lib/protocol/Parser.js:433:10)
2024-06-18T14:38:42.350Z - Error: WARN_DATA_TRUNCATED: Data truncated for column 'cp_end_cep' at row 1
    at Sequence._packetToError (/home/cipex/back.cipex.com.br/node_modules/mysql/lib/protocol/sequences/Sequence.js:47:14)
    at Query.ErrorPacket (/home/cipex/back.cipex.com.br/node_modules/mysql/lib/protocol/sequences/Query.js:79:18)
    at Protocol._parsePacket (/home/cipex/back.cipex.com.br/node_modules/mysql/lib/protocol/Protocol.js:291:23)
    at Parser._parsePacket (/home/cipex/back.cipex.com.br/node_modules/mysql/lib/protocol/Parser.js:433:10)
    at Parser.write (/home/cipex/back.cipex.com.br/node_modules/mysql/lib/protocol/Parser.js:43:10)
    at Protocol.write (/home/cipex/back.cipex.com.br/node_modules/mysql/lib/protocol/Protocol.js:38:16)
    at Socket.<anonymous> (/home/cipex/back.cipex.com.br/node_modules/mysql/lib/Connection.js:88:28)
    at Socket.<anonymous> (/home/cipex/back.cipex.com.br/node_modules/mysql/lib/Connection.js:526:10)
    at Socket.emit (node:events:517:28)
    at addChunk (node:internal/streams/readable:368:12)
    --------------------
    at Protocol._enqueue (/home/cipex/back.cipex.com.br/node_modules/mysql/lib/protocol/Protocol.js:144:48)
    at Connection.query (/home/cipex/back.cipex.com.br/node_modules/mysql/lib/Connection.js:198:25)
    at Query.<anonymous> (/home/cipex/back.cipex.com.br/index.js:262:8)
    at Query.<anonymous> (/home/cipex/back.cipex.com.br/node_modules/mysql/lib/Connection.js:526:10)
    at Query._callback (/home/cipex/back.cipex.com.br/node_modules/mysql/lib/Connection.js:488:16)
    at Sequence.end (/home/cipex/back.cipex.com.br/node_modules/mysql/lib/protocol/sequences/Sequence.js:83:24)
    at Query._handleFinalResultPacket (/home/cipex/back.cipex.com.br/node_modules/mysql/lib/protocol/sequences/Query.js:149:8)
    at Query.EofPacket (/home/cipex/back.cipex.com.br/node_modules/mysql/lib/protocol/sequences/Query.js:133:8)
    at Protocol._parsePacket (/home/cipex/back.cipex.com.br/node_modules/mysql/lib/protocol/Protocol.js:291:23)
    at Parser._parsePacket (/home/cipex/back.cipex.com.br/node_modules/mysql/lib/protocol/Parser.js:433:10)
2024-06-18T14:41:00.116Z - Error: WARN_DATA_TRUNCATED: Data truncated for column 'cp_end_cep' at row 1
    at Sequence._packetToError (/home/cipex/back.cipex.com.br/node_modules/mysql/lib/protocol/sequences/Sequence.js:47:14)
    at Query.ErrorPacket (/home/cipex/back.cipex.com.br/node_modules/mysql/lib/protocol/sequences/Query.js:79:18)
    at Protocol._parsePacket (/home/cipex/back.cipex.com.br/node_modules/mysql/lib/protocol/Protocol.js:291:23)
    at Parser._parsePacket (/home/cipex/back.cipex.com.br/node_modules/mysql/lib/protocol/Parser.js:433:10)
    at Parser.write (/home/cipex/back.cipex.com.br/node_modules/mysql/lib/protocol/Parser.js:43:10)
    at Protocol.write (/home/cipex/back.cipex.com.br/node_modules/mysql/lib/protocol/Protocol.js:38:16)
    at Socket.<anonymous> (/home/cipex/back.cipex.com.br/node_modules/mysql/lib/Connection.js:88:28)
    at Socket.<anonymous> (/home/cipex/back.cipex.com.br/node_modules/mysql/lib/Connection.js:526:10)
    at Socket.emit (node:events:517:28)
    at addChunk (node:internal/streams/readable:368:12)
    --------------------
    at Protocol._enqueue (/home/cipex/back.cipex.com.br/node_modules/mysql/lib/protocol/Protocol.js:144:48)
    at Connection.query (/home/cipex/back.cipex.com.br/node_modules/mysql/lib/Connection.js:198:25)
    at Query.<anonymous> (/home/cipex/back.cipex.com.br/index.js:262:8)
    at Query.<anonymous> (/home/cipex/back.cipex.com.br/node_modules/mysql/lib/Connection.js:526:10)
    at Query._callback (/home/cipex/back.cipex.com.br/node_modules/mysql/lib/Connection.js:488:16)
    at Sequence.end (/home/cipex/back.cipex.com.br/node_modules/mysql/lib/protocol/sequences/Sequence.js:83:24)
    at Query._handleFinalResultPacket (/home/cipex/back.cipex.com.br/node_modules/mysql/lib/protocol/sequences/Query.js:149:8)
    at Query.EofPacket (/home/cipex/back.cipex.com.br/node_modules/mysql/lib/protocol/sequences/Query.js:133:8)
    at Protocol._parsePacket (/home/cipex/back.cipex.com.br/node_modules/mysql/lib/protocol/Protocol.js:291:23)
    at Parser._parsePacket (/home/cipex/back.cipex.com.br/node_modules/mysql/lib/protocol/Parser.js:433:10)
2024-06-18T14:41:08.525Z - Error: WARN_DATA_TRUNCATED: Data truncated for column 'cp_end_cep' at row 1
    at Sequence._packetToError (/home/cipex/back.cipex.com.br/node_modules/mysql/lib/protocol/sequences/Sequence.js:47:14)
    at Query.ErrorPacket (/home/cipex/back.cipex.com.br/node_modules/mysql/lib/protocol/sequences/Query.js:79:18)
    at Protocol._parsePacket (/home/cipex/back.cipex.com.br/node_modules/mysql/lib/protocol/Protocol.js:291:23)
    at Parser._parsePacket (/home/cipex/back.cipex.com.br/node_modules/mysql/lib/protocol/Parser.js:433:10)
    at Parser.write (/home/cipex/back.cipex.com.br/node_modules/mysql/lib/protocol/Parser.js:43:10)
    at Protocol.write (/home/cipex/back.cipex.com.br/node_modules/mysql/lib/protocol/Protocol.js:38:16)
    at Socket.<anonymous> (/home/cipex/back.cipex.com.br/node_modules/mysql/lib/Connection.js:88:28)
    at Socket.<anonymous> (/home/cipex/back.cipex.com.br/node_modules/mysql/lib/Connection.js:526:10)
    at Socket.emit (node:events:517:28)
    at addChunk (node:internal/streams/readable:368:12)
    --------------------
    at Protocol._enqueue (/home/cipex/back.cipex.com.br/node_modules/mysql/lib/protocol/Protocol.js:144:48)
    at Connection.query (/home/cipex/back.cipex.com.br/node_modules/mysql/lib/Connection.js:198:25)
    at Query.<anonymous> (/home/cipex/back.cipex.com.br/index.js:262:8)
    at Query.<anonymous> (/home/cipex/back.cipex.com.br/node_modules/mysql/lib/Connection.js:526:10)
    at Query._callback (/home/cipex/back.cipex.com.br/node_modules/mysql/lib/Connection.js:488:16)
    at Sequence.end (/home/cipex/back.cipex.com.br/node_modules/mysql/lib/protocol/sequences/Sequence.js:83:24)
    at Query._handleFinalResultPacket (/home/cipex/back.cipex.com.br/node_modules/mysql/lib/protocol/sequences/Query.js:149:8)
    at Query.EofPacket (/home/cipex/back.cipex.com.br/node_modules/mysql/lib/protocol/sequences/Query.js:133:8)
    at Protocol._parsePacket (/home/cipex/back.cipex.com.br/node_modules/mysql/lib/protocol/Protocol.js:291:23)
    at Parser._parsePacket (/home/cipex/back.cipex.com.br/node_modules/mysql/lib/protocol/Parser.js:433:10)
2024-06-18T14:44:10.297Z - Error: WARN_DATA_TRUNCATED: Data truncated for column 'cp_end_cep' at row 1
    at Sequence._packetToError (/home/cipex/back.cipex.com.br/node_modules/mysql/lib/protocol/sequences/Sequence.js:47:14)
    at Query.ErrorPacket (/home/cipex/back.cipex.com.br/node_modules/mysql/lib/protocol/sequences/Query.js:79:18)
    at Protocol._parsePacket (/home/cipex/back.cipex.com.br/node_modules/mysql/lib/protocol/Protocol.js:291:23)
    at Parser._parsePacket (/home/cipex/back.cipex.com.br/node_modules/mysql/lib/protocol/Parser.js:433:10)
    at Parser.write (/home/cipex/back.cipex.com.br/node_modules/mysql/lib/protocol/Parser.js:43:10)
    at Protocol.write (/home/cipex/back.cipex.com.br/node_modules/mysql/lib/protocol/Protocol.js:38:16)
    at Socket.<anonymous> (/home/cipex/back.cipex.com.br/node_modules/mysql/lib/Connection.js:88:28)
    at Socket.<anonymous> (/home/cipex/back.cipex.com.br/node_modules/mysql/lib/Connection.js:526:10)
    at Socket.emit (node:events:517:28)
    at addChunk (node:internal/streams/readable:368:12)
    --------------------
    at Protocol._enqueue (/home/cipex/back.cipex.com.br/node_modules/mysql/lib/protocol/Protocol.js:144:48)
    at Connection.query (/home/cipex/back.cipex.com.br/node_modules/mysql/lib/Connection.js:198:25)
    at Query.<anonymous> (/home/cipex/back.cipex.com.br/index.js:262:8)
    at Query.<anonymous> (/home/cipex/back.cipex.com.br/node_modules/mysql/lib/Connection.js:526:10)
    at Query._callback (/home/cipex/back.cipex.com.br/node_modules/mysql/lib/Connection.js:488:16)
    at Sequence.end (/home/cipex/back.cipex.com.br/node_modules/mysql/lib/protocol/sequences/Sequence.js:83:24)
    at Query._handleFinalResultPacket (/home/cipex/back.cipex.com.br/node_modules/mysql/lib/protocol/sequences/Query.js:149:8)
    at Query.EofPacket (/home/cipex/back.cipex.com.br/node_modules/mysql/lib/protocol/sequences/Query.js:133:8)
    at Protocol._parsePacket (/home/cipex/back.cipex.com.br/node_modules/mysql/lib/protocol/Protocol.js:291:23)
    at Parser._parsePacket (/home/cipex/back.cipex.com.br/node_modules/mysql/lib/protocol/Parser.js:433:10)
2024-06-19T20:10:31.711Z - Error: WARN_DATA_TRUNCATED: Data truncated for column 'cp_end_cep' at row 1
    at Sequence._packetToError (/home/cipex/back.cipex.com.br/node_modules/mysql/lib/protocol/sequences/Sequence.js:47:14)
    at Query.ErrorPacket (/home/cipex/back.cipex.com.br/node_modules/mysql/lib/protocol/sequences/Query.js:79:18)
    at Protocol._parsePacket (/home/cipex/back.cipex.com.br/node_modules/mysql/lib/protocol/Protocol.js:291:23)
    at Parser._parsePacket (/home/cipex/back.cipex.com.br/node_modules/mysql/lib/protocol/Parser.js:433:10)
    at Parser.write (/home/cipex/back.cipex.com.br/node_modules/mysql/lib/protocol/Parser.js:43:10)
    at Protocol.write (/home/cipex/back.cipex.com.br/node_modules/mysql/lib/protocol/Protocol.js:38:16)
    at Socket.<anonymous> (/home/cipex/back.cipex.com.br/node_modules/mysql/lib/Connection.js:88:28)
    at Socket.<anonymous> (/home/cipex/back.cipex.com.br/node_modules/mysql/lib/Connection.js:526:10)
    at Socket.emit (node:events:517:28)
    at addChunk (node:internal/streams/readable:368:12)
    --------------------
    at Protocol._enqueue (/home/cipex/back.cipex.com.br/node_modules/mysql/lib/protocol/Protocol.js:144:48)
    at Connection.query (/home/cipex/back.cipex.com.br/node_modules/mysql/lib/Connection.js:198:25)
    at Query.<anonymous> (/home/cipex/back.cipex.com.br/index.js:262:8)
    at Query.<anonymous> (/home/cipex/back.cipex.com.br/node_modules/mysql/lib/Connection.js:526:10)
    at Query._callback (/home/cipex/back.cipex.com.br/node_modules/mysql/lib/Connection.js:488:16)
    at Sequence.end (/home/cipex/back.cipex.com.br/node_modules/mysql/lib/protocol/sequences/Sequence.js:83:24)
    at Query._handleFinalResultPacket (/home/cipex/back.cipex.com.br/node_modules/mysql/lib/protocol/sequences/Query.js:149:8)
    at Query.EofPacket (/home/cipex/back.cipex.com.br/node_modules/mysql/lib/protocol/sequences/Query.js:133:8)
    at Protocol._parsePacket (/home/cipex/back.cipex.com.br/node_modules/mysql/lib/protocol/Protocol.js:291:23)
    at Parser._parsePacket (/home/cipex/back.cipex.com.br/node_modules/mysql/lib/protocol/Parser.js:433:10)
2024-06-19T20:10:44.319Z - Error: WARN_DATA_TRUNCATED: Data truncated for column 'cp_end_cep' at row 1
    at Sequence._packetToError (/home/cipex/back.cipex.com.br/node_modules/mysql/lib/protocol/sequences/Sequence.js:47:14)
    at Query.ErrorPacket (/home/cipex/back.cipex.com.br/node_modules/mysql/lib/protocol/sequences/Query.js:79:18)
    at Protocol._parsePacket (/home/cipex/back.cipex.com.br/node_modules/mysql/lib/protocol/Protocol.js:291:23)
    at Parser._parsePacket (/home/cipex/back.cipex.com.br/node_modules/mysql/lib/protocol/Parser.js:433:10)
    at Parser.write (/home/cipex/back.cipex.com.br/node_modules/mysql/lib/protocol/Parser.js:43:10)
    at Protocol.write (/home/cipex/back.cipex.com.br/node_modules/mysql/lib/protocol/Protocol.js:38:16)
    at Socket.<anonymous> (/home/cipex/back.cipex.com.br/node_modules/mysql/lib/Connection.js:88:28)
    at Socket.<anonymous> (/home/cipex/back.cipex.com.br/node_modules/mysql/lib/Connection.js:526:10)
    at Socket.emit (node:events:517:28)
    at addChunk (node:internal/streams/readable:368:12)
    --------------------
    at Protocol._enqueue (/home/cipex/back.cipex.com.br/node_modules/mysql/lib/protocol/Protocol.js:144:48)
    at Connection.query (/home/cipex/back.cipex.com.br/node_modules/mysql/lib/Connection.js:198:25)
    at Query.<anonymous> (/home/cipex/back.cipex.com.br/index.js:262:8)
    at Query.<anonymous> (/home/cipex/back.cipex.com.br/node_modules/mysql/lib/Connection.js:526:10)
    at Query._callback (/home/cipex/back.cipex.com.br/node_modules/mysql/lib/Connection.js:488:16)
    at Sequence.end (/home/cipex/back.cipex.com.br/node_modules/mysql/lib/protocol/sequences/Sequence.js:83:24)
    at Query._handleFinalResultPacket (/home/cipex/back.cipex.com.br/node_modules/mysql/lib/protocol/sequences/Query.js:149:8)
    at Query.EofPacket (/home/cipex/back.cipex.com.br/node_modules/mysql/lib/protocol/sequences/Query.js:133:8)
    at Protocol._parsePacket (/home/cipex/back.cipex.com.br/node_modules/mysql/lib/protocol/Protocol.js:291:23)
    at Parser._parsePacket (/home/cipex/back.cipex.com.br/node_modules/mysql/lib/protocol/Parser.js:433:10)
2024-06-19T20:17:23.652Z - Error: WARN_DATA_TRUNCATED: Data truncated for column 'cp_end_cep' at row 1
    at Sequence._packetToError (/home/cipex/back.cipex.com.br/node_modules/mysql/lib/protocol/sequences/Sequence.js:47:14)
    at Query.ErrorPacket (/home/cipex/back.cipex.com.br/node_modules/mysql/lib/protocol/sequences/Query.js:79:18)
    at Protocol._parsePacket (/home/cipex/back.cipex.com.br/node_modules/mysql/lib/protocol/Protocol.js:291:23)
    at Parser._parsePacket (/home/cipex/back.cipex.com.br/node_modules/mysql/lib/protocol/Parser.js:433:10)
    at Parser.write (/home/cipex/back.cipex.com.br/node_modules/mysql/lib/protocol/Parser.js:43:10)
    at Protocol.write (/home/cipex/back.cipex.com.br/node_modules/mysql/lib/protocol/Protocol.js:38:16)
    at Socket.<anonymous> (/home/cipex/back.cipex.com.br/node_modules/mysql/lib/Connection.js:88:28)
    at Socket.<anonymous> (/home/cipex/back.cipex.com.br/node_modules/mysql/lib/Connection.js:526:10)
    at Socket.emit (node:events:517:28)
    at addChunk (node:internal/streams/readable:368:12)
    --------------------
    at Protocol._enqueue (/home/cipex/back.cipex.com.br/node_modules/mysql/lib/protocol/Protocol.js:144:48)
    at Connection.query (/home/cipex/back.cipex.com.br/node_modules/mysql/lib/Connection.js:198:25)
    at Query.<anonymous> (/home/cipex/back.cipex.com.br/index.js:262:8)
    at Query.<anonymous> (/home/cipex/back.cipex.com.br/node_modules/mysql/lib/Connection.js:526:10)
    at Query._callback (/home/cipex/back.cipex.com.br/node_modules/mysql/lib/Connection.js:488:16)
    at Sequence.end (/home/cipex/back.cipex.com.br/node_modules/mysql/lib/protocol/sequences/Sequence.js:83:24)
    at Query._handleFinalResultPacket (/home/cipex/back.cipex.com.br/node_modules/mysql/lib/protocol/sequences/Query.js:149:8)
    at Query.EofPacket (/home/cipex/back.cipex.com.br/node_modules/mysql/lib/protocol/sequences/Query.js:133:8)
    at Protocol._parsePacket (/home/cipex/back.cipex.com.br/node_modules/mysql/lib/protocol/Protocol.js:291:23)
    at Parser._parsePacket (/home/cipex/back.cipex.com.br/node_modules/mysql/lib/protocol/Parser.js:433:10)
